{"error":{},"level":"error","message":"uncaughtException: Cannot read property 'info' of undefined\nTypeError: Cannot read property 'info' of undefined\n    at Object.<anonymous> (/home/laurent/dev/myPocketStats/app.js:157:8)\n    at Module._compile (internal/modules/cjs/loader.js:1133:30)\n    at Object.Module._extensions..js (internal/modules/cjs/loader.js:1153:10)\n    at Module.load (internal/modules/cjs/loader.js:977:32)\n    at Function.Module._load (internal/modules/cjs/loader.js:877:14)\n    at Function.executeUserEntryPoint [as runMain] (internal/modules/run_main.js:74:12)\n    at internal/main/run_main_module.js:18:47","stack":"TypeError: Cannot read property 'info' of undefined\n    at Object.<anonymous> (/home/laurent/dev/myPocketStats/app.js:157:8)\n    at Module._compile (internal/modules/cjs/loader.js:1133:30)\n    at Object.Module._extensions..js (internal/modules/cjs/loader.js:1153:10)\n    at Module.load (internal/modules/cjs/loader.js:977:32)\n    at Function.Module._load (internal/modules/cjs/loader.js:877:14)\n    at Function.executeUserEntryPoint [as runMain] (internal/modules/run_main.js:74:12)\n    at internal/main/run_main_module.js:18:47","exception":true,"date":"Tue Jun 09 2020 07:51:47 GMT+0200 (Central European Summer Time)","process":{"pid":1584,"uid":1000,"gid":1000,"cwd":"/home/laurent/dev/myPocketStats","execPath":"/usr/local/bin/node","version":"v12.16.3","argv":["/usr/local/bin/node","/home/laurent/dev/myPocketStats/app"],"memoryUsage":{"rss":51560448,"heapTotal":18509824,"heapUsed":10387536,"external":1280166}},"os":{"loadavg":[0.21240234375,0.20361328125,0.15576171875],"uptime":1514},"trace":[{"column":8,"file":"/home/laurent/dev/myPocketStats/app.js","function":null,"line":157,"method":null,"native":false},{"column":30,"file":"internal/modules/cjs/loader.js","function":"Module._compile","line":1133,"method":"_compile","native":false},{"column":10,"file":"internal/modules/cjs/loader.js","function":"Module._extensions..js","line":1153,"method":".js","native":false},{"column":32,"file":"internal/modules/cjs/loader.js","function":"Module.load","line":977,"method":"load","native":false},{"column":14,"file":"internal/modules/cjs/loader.js","function":"Module._load","line":877,"method":"_load","native":false},{"column":12,"file":"internal/modules/run_main.js","function":"Function.executeUserEntryPoint [as runMain]","line":74,"method":"executeUserEntryPoint [as runMain]","native":false},{"column":47,"file":"internal/main/run_main_module.js","function":null,"line":18,"method":null,"native":false}],"component":"user-service"}
{"error":{},"level":"error","message":"uncaughtException: Cannot read property 'info' of undefined\nTypeError: Cannot read property 'info' of undefined\n    at Object.<anonymous> (/home/laurent/dev/myPocketStats/app.js:157:8)\n    at Module._compile (internal/modules/cjs/loader.js:1133:30)\n    at Object.Module._extensions..js (internal/modules/cjs/loader.js:1153:10)\n    at Module.load (internal/modules/cjs/loader.js:977:32)\n    at Function.Module._load (internal/modules/cjs/loader.js:877:14)\n    at Function.executeUserEntryPoint [as runMain] (internal/modules/run_main.js:74:12)\n    at internal/main/run_main_module.js:18:47","stack":"TypeError: Cannot read property 'info' of undefined\n    at Object.<anonymous> (/home/laurent/dev/myPocketStats/app.js:157:8)\n    at Module._compile (internal/modules/cjs/loader.js:1133:30)\n    at Object.Module._extensions..js (internal/modules/cjs/loader.js:1153:10)\n    at Module.load (internal/modules/cjs/loader.js:977:32)\n    at Function.Module._load (internal/modules/cjs/loader.js:877:14)\n    at Function.executeUserEntryPoint [as runMain] (internal/modules/run_main.js:74:12)\n    at internal/main/run_main_module.js:18:47","exception":true,"date":"Thu Jun 11 2020 07:00:56 GMT+0200 (Central European Summer Time)","process":{"pid":2109,"uid":1000,"gid":1000,"cwd":"/home/laurent/dev/myPocketStats","execPath":"/usr/local/bin/node","version":"v12.16.3","argv":["/usr/local/bin/node","/home/laurent/dev/myPocketStats/app"],"memoryUsage":{"rss":49483776,"heapTotal":17723392,"heapUsed":12779824,"external":1759979}},"os":{"loadavg":[0.07763671875,0.107421875,0.1083984375],"uptime":1080},"trace":[{"column":8,"file":"/home/laurent/dev/myPocketStats/app.js","function":null,"line":157,"method":null,"native":false},{"column":30,"file":"internal/modules/cjs/loader.js","function":"Module._compile","line":1133,"method":"_compile","native":false},{"column":10,"file":"internal/modules/cjs/loader.js","function":"Module._extensions..js","line":1153,"method":".js","native":false},{"column":32,"file":"internal/modules/cjs/loader.js","function":"Module.load","line":977,"method":"load","native":false},{"column":14,"file":"internal/modules/cjs/loader.js","function":"Module._load","line":877,"method":"_load","native":false},{"column":12,"file":"internal/modules/run_main.js","function":"Function.executeUserEntryPoint [as runMain]","line":74,"method":"executeUserEntryPoint [as runMain]","native":false},{"column":47,"file":"internal/main/run_main_module.js","function":null,"line":18,"method":null,"native":false}],"component":"user-service"}
{"error":{},"level":"error","message":"uncaughtException: Cannot read property 'info' of undefined\nTypeError: Cannot read property 'info' of undefined\n    at Object.<anonymous> (/home/laurent/dev/myPocketStats/app.js:157:8)\n    at Module._compile (internal/modules/cjs/loader.js:1133:30)\n    at Object.Module._extensions..js (internal/modules/cjs/loader.js:1153:10)\n    at Module.load (internal/modules/cjs/loader.js:977:32)\n    at Function.Module._load (internal/modules/cjs/loader.js:877:14)\n    at Function.executeUserEntryPoint [as runMain] (internal/modules/run_main.js:74:12)\n    at internal/main/run_main_module.js:18:47","stack":"TypeError: Cannot read property 'info' of undefined\n    at Object.<anonymous> (/home/laurent/dev/myPocketStats/app.js:157:8)\n    at Module._compile (internal/modules/cjs/loader.js:1133:30)\n    at Object.Module._extensions..js (internal/modules/cjs/loader.js:1153:10)\n    at Module.load (internal/modules/cjs/loader.js:977:32)\n    at Function.Module._load (internal/modules/cjs/loader.js:877:14)\n    at Function.executeUserEntryPoint [as runMain] (internal/modules/run_main.js:74:12)\n    at internal/main/run_main_module.js:18:47","exception":true,"date":"Thu Jun 11 2020 07:12:56 GMT+0200 (Central European Summer Time)","process":{"pid":2257,"uid":1000,"gid":1000,"cwd":"/home/laurent/dev/myPocketStats","execPath":"/usr/local/bin/node","version":"v12.16.3","argv":["/usr/local/bin/node","/home/laurent/dev/myPocketStats/app"],"memoryUsage":{"rss":51884032,"heapTotal":18509824,"heapUsed":10622144,"external":1288358}},"os":{"loadavg":[0.2412109375,0.14453125,0.1044921875],"uptime":1800},"trace":[{"column":8,"file":"/home/laurent/dev/myPocketStats/app.js","function":null,"line":157,"method":null,"native":false},{"column":30,"file":"internal/modules/cjs/loader.js","function":"Module._compile","line":1133,"method":"_compile","native":false},{"column":10,"file":"internal/modules/cjs/loader.js","function":"Module._extensions..js","line":1153,"method":".js","native":false},{"column":32,"file":"internal/modules/cjs/loader.js","function":"Module.load","line":977,"method":"load","native":false},{"column":14,"file":"internal/modules/cjs/loader.js","function":"Module._load","line":877,"method":"_load","native":false},{"column":12,"file":"internal/modules/run_main.js","function":"Function.executeUserEntryPoint [as runMain]","line":74,"method":"executeUserEntryPoint [as runMain]","native":false},{"column":47,"file":"internal/main/run_main_module.js","function":null,"line":18,"method":null,"native":false}],"component":"user-service"}
{"error":{},"level":"error","message":"uncaughtException: Cannot read property 'info' of undefined\nTypeError: Cannot read property 'info' of undefined\n    at Object.<anonymous> (/home/laurent/dev/myPocketStats/app.js:157:8)\n    at Module._compile (internal/modules/cjs/loader.js:1133:30)\n    at Object.Module._extensions..js (internal/modules/cjs/loader.js:1153:10)\n    at Module.load (internal/modules/cjs/loader.js:977:32)\n    at Function.Module._load (internal/modules/cjs/loader.js:877:14)\n    at Function.executeUserEntryPoint [as runMain] (internal/modules/run_main.js:74:12)\n    at internal/main/run_main_module.js:18:47","stack":"TypeError: Cannot read property 'info' of undefined\n    at Object.<anonymous> (/home/laurent/dev/myPocketStats/app.js:157:8)\n    at Module._compile (internal/modules/cjs/loader.js:1133:30)\n    at Object.Module._extensions..js (internal/modules/cjs/loader.js:1153:10)\n    at Module.load (internal/modules/cjs/loader.js:977:32)\n    at Function.Module._load (internal/modules/cjs/loader.js:877:14)\n    at Function.executeUserEntryPoint [as runMain] (internal/modules/run_main.js:74:12)\n    at internal/main/run_main_module.js:18:47","exception":true,"date":"Thu Jun 11 2020 07:14:58 GMT+0200 (Central European Summer Time)","process":{"pid":2278,"uid":1000,"gid":1000,"cwd":"/home/laurent/dev/myPocketStats","execPath":"/usr/local/bin/node","version":"v12.16.3","argv":["/usr/local/bin/node","/home/laurent/dev/myPocketStats/app"],"memoryUsage":{"rss":51617792,"heapTotal":18509824,"heapUsed":10643400,"external":1288358}},"os":{"loadavg":[0.06298828125,0.115234375,0.09130859375],"uptime":1922},"trace":[{"column":8,"file":"/home/laurent/dev/myPocketStats/app.js","function":null,"line":157,"method":null,"native":false},{"column":30,"file":"internal/modules/cjs/loader.js","function":"Module._compile","line":1133,"method":"_compile","native":false},{"column":10,"file":"internal/modules/cjs/loader.js","function":"Module._extensions..js","line":1153,"method":".js","native":false},{"column":32,"file":"internal/modules/cjs/loader.js","function":"Module.load","line":977,"method":"load","native":false},{"column":14,"file":"internal/modules/cjs/loader.js","function":"Module._load","line":877,"method":"_load","native":false},{"column":12,"file":"internal/modules/run_main.js","function":"Function.executeUserEntryPoint [as runMain]","line":74,"method":"executeUserEntryPoint [as runMain]","native":false},{"column":47,"file":"internal/main/run_main_module.js","function":null,"line":18,"method":null,"native":false}],"component":"user-service"}
{"message":"START ---","level":"info","component":"user-service"}
{"message":"START ---","level":"info","component":"user-service"}
{"message":"START ---","level":"info","component":"user-service"}
{"message":"START ---","level":"info","component":"user-service"}
{"message":"unreads undefined","level":"info","component":"user-service"}
{"message":"apres set","level":"info","component":"user-service"}
{"message":"apres get","level":"info","component":"user-service"}
{"message":"dans get","level":"info","component":"user-service"}
{"component":"user-service","level":"info","message":"alovelace"}
{"message":"quote written to database","level":"info","component":"user-service"}
{"message":"Unread Items","level":"info","component":"user-service"}
{"message":"Total : .............595","level":"info","component":"user-service"}
{"message":"0....................430","level":"info","component":"user-service"}
{"message":"transfo...............34","level":"info","component":"user-service"}
{"message":"ifttt..................6","level":"info","component":"user-service"}
{"message":"twitter................6","level":"info","component":"user-service"}
{"message":"zen habits............96","level":"info","component":"user-service"}
{"message":"derek sivers..........23","level":"info","component":"user-service"}
{"message":"ecologie...............1","level":"info","component":"user-service"}
{"message":"remote.................1","level":"info","component":"user-service"}
{"message":"gafas___...............4","level":"info","component":"user-service"}
{"message":595,"level":"info","component":"user-service"}
{"message":"result  written to database","level":"info","component":"user-service"}
{"message":"START ---","level":"info","component":"user-service"}
{"message":"unreads undefined","level":"info","component":"user-service"}
{"message":"apres set","level":"info","component":"user-service"}
{"message":"apres get","level":"info","component":"user-service"}
{"message":"quote written to database","level":"info","component":"user-service"}
{"message":"dans get","level":"info","component":"user-service"}
{"component":"user-service","level":"info","message":"alovelace"}
{"message":"Unread Items","level":"info","component":"user-service"}
{"message":"Total : .............598","level":"info","component":"user-service"}
{"message":"0....................430","level":"info","component":"user-service"}
{"message":"transfo...............34","level":"info","component":"user-service"}
{"message":"ifttt..................8","level":"info","component":"user-service"}
{"message":"twitter................8","level":"info","component":"user-service"}
{"message":"zen habits............97","level":"info","component":"user-service"}
{"message":"derek sivers..........23","level":"info","component":"user-service"}
{"message":"ecologie...............1","level":"info","component":"user-service"}
{"message":"remote.................1","level":"info","component":"user-service"}
{"message":"gafas___...............4","level":"info","component":"user-service"}
{"message":598,"level":"info","component":"user-service"}
{"message":"result  written to database","level":"info","component":"user-service"}
